<?xml version="1.0" encoding="UTF-8"?>
<testsuite xmlns:xsi="http://www.w3.org/2001/XMLSchema-instance" xsi:noNamespaceSchemaLocation="https://maven.apache.org/surefire/maven-surefire-plugin/xsd/surefire-test-report.xsd" name="upf.edu.TwitterFilterTest" time="0.203" tests="4" errors="0" skipped="0" failures="0">
  <properties>
[...]
</properties>
  <testcase name="shouldAnswerWithTrue" classname="upf.edu.TwitterFilterTest" time="0.002"/>
  <testcase name="shouldGetTwitter" classname="upf.edu.TwitterFilterTest" time="0.117"/>
  <testcase name="shouldNotGetEmptyLines" classname="upf.edu.TwitterFilterTest" time="0.001"/>
  <testcase name="InvalidTwitter" classname="upf.edu.TwitterFilterTest" time="0.008"/>
</testsuite>